<?xml version="1.0" encoding="UTF-8"?>
<!-- Generated by org.testng.reporters.JUnitReportReporter -->
<testsuite name="parallelRunTestNG.FailedRun" tests="2" time="44.803" ignored="0" failures="0" timestamp="10 Sep 2021 12:31:15 GMT" skipped="0" hostname="THE_EXPANDABLES" errors="0">
  <testcase name="runScenario" time="17.668" classname="parallelRunTestNG.FailedRun"/>
  <testcase name="runScenario" time="27.135" classname="parallelRunTestNG.FailedRun"/>
</testsuite> <!-- parallelRunTestNG.FailedRun -->
