<?xml version="1.0" encoding="UTF-8"?>
<!-- Generated by org.testng.reporters.JUnitReportReporter -->
<testsuite name="parallelRunTestNG.ParallelRun" tests="3" time="49.187" ignored="0" failures="0" timestamp="19 Sep 2021 12:37:06 GMT" skipped="1" hostname="THE_EXPANDABLES" errors="0">
  <testcase name="runScenario" time="11.226" classname="parallelRunTestNG.ParallelRun">
    <skipped/>
  </testcase> <!-- runScenario -->
  <testcase name="runScenario" time="18.923" classname="parallelRunTestNG.ParallelRun"/>
  <testcase name="runScenario" time="19.038" classname="parallelRunTestNG.ParallelRun"/>
</testsuite> <!-- parallelRunTestNG.ParallelRun -->
